.android/plugins_build_output/mobile_scanner/outputs/logs/manifest-merger-release-report.txt
-- Merging decision tree log ---
manifest
ADDED from src\main\AndroidManifest.xml:1:1-6:12
INJECTED from src\main\AndroidManifest.xml:1:1-6:12
INJECTED from src\main\AndroidManifest.xml:1:1-6:12
	package
		ADDED from src\main\AndroidManifest.xml:2:3-43
		INJECTED from src\main\AndroidManifest.xml
		INJECTED from src\main\AndroidManifest.xml
	xmlns:android
		ADDED from src\main\AndroidManifest.xml:1:11-69
uses-permission#android.permission.CAMERA
ADDED from src\main\AndroidManifest.xml:4:5-65
	android:name
		ADDED from src\main\AndroidManifest.xml:4:22-62
uses-feature#android.hardware.camera
ADDED from src\main\AndroidManifest.xml:5:5-85
	android:required
		ADDED from src\main\AndroidManifest.xml:5:58-82
	android:name
		ADDED from src\main\AndroidManifest.xml:5:19-57
uses-sdk
INJECTED from src\main\AndroidManifest.xml reason: use-sdk injection requested
INJECTED from src\main\AndroidManifest.xml
INJECTED from src\main\AndroidManifest.xml
INJECTED from src\main\AndroidManifest.xml
INJECTED from src\main\AndroidManifest.xml
	android:targetSdkVersion
		INJECTED from src\main\AndroidManifest.xml
		ADDED from src\main\AndroidManifest.xml
		INJECTED from src\main\AndroidManifest.xml
	android:minSdkVersion
		INJECTED from src\main\AndroidManifest.xml
		ADDED from src\main\AndroidManifest.xml
		INJECTED from src\main\AndroidManifest.xml